Tigtupi is sleeping
Tigtupi is sleeping
Tigtupi is sleeping
Tigtupi is sleeping
Tigtupi is sleeping
Tigtupi is sleeping
Tigtupi is sleeping
Tigtupi is sleeping
Tigtupi is sleeping
Tigtupi is sleeping
A acquired a seat
Tigtupi is sleeping
A is waiting for 14 seconds...
Tigtupi is serving A for 5 seconds...
B acquired a seat
B is waiting for 10 seconds...
C acquired a seat
C is waiting for 15 seconds...
D acquired a seat
D is waiting for 13 seconds...
E acquired a seat
E is waiting for 14 seconds...
F acquired a seat
F is waiting for 11 seconds...
Tigtupi is done serving A
Tigtupi is serving B for 3 seconds...
T acquired a seat
T is waiting for 12 seconds...
Tigtupi is done serving B
Tigtupi is serving C for 1 seconds...
J acquired a seat
J is waiting for 10 seconds...
Tigtupi is done serving C
Tigtupi is serving D for 4 seconds...
H acquired a seat
H is waiting for 12 seconds...
F is annoyed and is leaving
P acquired a seat
P is waiting for 12 seconds...
Tigtupi is done serving D
Tigtupi is serving E for 1 seconds...
N acquired a seat
N is waiting for 12 seconds...
Tigtupi is done serving E
Tigtupi is serving T for 2 seconds...
R acquired a seat
R is waiting for 11 seconds...
Tigtupi is done serving T
Tigtupi is serving J for 3 seconds...
Q acquired a seat
Q is waiting for 15 seconds...
Tigtupi is done serving J
Tigtupi is serving H for 3 seconds...
S acquired a seat
S is waiting for 11 seconds...
Tigtupi is done serving H
Tigtupi is serving P for 2 seconds...
K acquired a seat
K is waiting for 10 seconds...
Tigtupi is done serving P
Tigtupi is serving N for 4 seconds...
M acquired a seat
M is waiting for 13 seconds...
R is annoyed and is leaving
G acquired a seat
G is waiting for 12 seconds...
Tigtupi is done serving N
Tigtupi is serving Q for 2 seconds...
L acquired a seat
L is waiting for 14 seconds...
S is annoyed and is leaving
O acquired a seat
O is waiting for 13 seconds...
Tigtupi is done serving Q
Tigtupi is serving K for 2 seconds...
I acquired a seat
I is waiting for 30 seconds...
Tigtupi is done serving K
Tigtupi is serving M for 2 seconds...
Tigtupi is done serving M
Tigtupi is serving G for 4 seconds...
Tigtupi is done serving G
Tigtupi is serving L for 4 seconds...
Tigtupi is done serving L
Tigtupi is serving O for 2 seconds...
Tigtupi is done serving O
Tigtupi is sleeping
Tigtupi's Barbershop is now closing
Tigtupi is sleeping
Tigtupi is sleeping
Tigtupi is sleeping
Tigtupi is sleeping
Tigtupi is sleeping
Tigtupi is sleeping
Tigtupi is sleeping
Tigtupi is sleeping
Tigtupi is sleeping
Tigtupi is sleeping
Tigtupi is sleeping
Tigtupi is sleeping
Tigtupi is sleeping
Tigtupi is sleeping
A acquired a seat
Tigtupi is sleeping
A is waiting for 13 seconds...
B acquired a seat
C acquired a seat
Tigtupi is serving A for 1 seconds...
B is waiting for 15 seconds...
D acquired a seat
C is waiting for 11 seconds...
D is waiting for 14 seconds...
E acquired a seat
E is waiting for 12 seconds...
F acquired a seat
F is waiting for 10 seconds...
Tigtupi is done serving A
Tigtupi is serving B for 4 seconds...
H acquired a seat
H is waiting for 14 seconds...
Tigtupi is done serving B
Tigtupi is serving C for 2 seconds...
I acquired a seat
I is waiting for 15 seconds...
Tigtupi is done serving C
Tigtupi is serving D for 4 seconds...
G acquired a seat
G is waiting for 13 seconds...
F is annoyed and is leaving
L acquired a seat
L is waiting for 15 seconds...
Tigtupi is done serving D
Tigtupi is serving E for 1 seconds...
T acquired a seat
T is waiting for 12 seconds...
Tigtupi is done serving E
Tigtupi is serving H for 5 seconds...
N acquired a seat
N is waiting for 11 seconds...
Tigtupi is done serving H
Tigtupi is serving I for 4 seconds...
J acquired a seat
J is waiting for 11 seconds...
G is annoyed and is leaving
P acquired a seat
P is waiting for 14 seconds...
Tigtupi is done serving I
Tigtupi is serving L for 5 seconds...
Q acquired a seat
Q is waiting for 15 seconds...
T is annoyed and is leaving
N is annoyed and is leaving
S acquired a seat
S is waiting for 11 seconds...
K acquired a seat
K is waiting for 12 seconds...
Tigtupi is done serving L
Tigtupi is serving J for 3 seconds...
M acquired a seat
M is waiting for 10 seconds...
Tigtupi is done serving J
Tigtupi is serving P for 3 seconds...
O acquired a seat
O is waiting for 14 seconds...
Tigtupi is done serving P
Tigtupi is serving Q for 1 seconds...
R acquired a seat
R is waiting for 30 seconds...
Tigtupi is done serving Q
Tigtupi is serving S for 5 seconds...
K is annoyed and is leaving
M is annoyed and is leaving
Tigtupi is done serving S
O is annoyed and is leaving
R is annoyed and is leaving
Tigtupi is sleeping
Tigtupi's Barbershop is now closing
