https://wfa.kronostm.com/index.jsp?locale=en_US&APPLICATIONNAME=TBCCorporationNonReqExt
https://wfa.kronostm.com/index.jsp?locale=en_US&APPLICATIONNAME=SaintLukesKTMDReqExt
https://wfa.kronostm.com/index.jsp;jsessionid=02C8EE2DB852911266FEEC0195252101?locale=en_US&applicationName=SaintLukesKTMDReqExt&seq=ca_home
https://wfa.kronostm.com/index.jsp?applicationName=StarbucksNonReqExt
https://wfa.kronostm.com/index.jsp?locale=en_US&APPLICATIONNAME=GeminiMotorTransportNonReqExt
https://wfa.kronostm.com/index.jsp?locale=en_US&APPLICATIONNAME=CostcoNonReqExt
https://wfa.kronostm.com/index.jsp?FROMJAF=false&INDEX=0&locale=en_US&applicationName=BevMoNonReqExt&SEQ=returningMembers
https://wfa.kronostm.com/index.jsp?locale=en_US&APPLICATIONNAME=PetsmartNonReqExt
https://wfa.kronostm.com/index.jsp?locale=en_US&applicationName=RescareNonReqExt&seq=home
https://wfa.kronostm.com/index.jsp?APPLICATIONNAME=TridentSeafoodsCorporationNonReqExt
https://wfa.kronostm.com/index.jsp?locale=en_US&APPLICATIONNAME=TBCCorporationNonReqExt
https://wfa.kronostm.com/index.jsp?locale=en_US&APPLICATIONNAME=SaintLukesKTMDReqExt
https://wfa.kronostm.com/index.jsp;jsessionid=02C8EE2DB852911266FEEC0195252101?locale=en_US&applicationName=SaintLukesKTMDReqExt&seq=ca_home
https://wfa.kronostm.com/index.jsp?applicationName=StarbucksNonReqExt
https://wfa.kronostm.com/index.jsp?locale=en_US&APPLICATIONNAME=GeminiMotorTransportNonReqExt
https://wfa.kronostm.com/index.jsp?locale=en_US&APPLICATIONNAME=CostcoNonReqExt
https://wfa.kronostm.com/index.jsp?FROMJAF=false&INDEX=0&locale=en_US&applicationName=BevMoNonReqExt&SEQ=returningMembers
https://wfa.kronostm.com/index.jsp?locale=en_US&APPLICATIONNAME=TBCCorporationNonReqExt
https://wfa.kronostm.com/index.jsp?locale=en_US&APPLICATIONNAME=SaintLukesKTMDReqExt
https://wfa.kronostm.com/index.jsp;jsessionid=02C8EE2DB852911266FEEC0195252101?locale=en_US&applicationName=SaintLukesKTMDReqExt&seq=ca_home
https://wfa.kronostm.com/index.jsp?applicationName=StarbucksNonReqExt
https://wfa.kronostm.com/index.jsp?locale=en_US&APPLICATIONNAME=GeminiMotorTransportNonReqExt
https://wfa.kronostm.com/index.jsp?locale=en_US&APPLICATIONNAME=CostcoNonReqExt
https://wfa.kronostm.com/index.jsp?FROMJAF=false&INDEX=0&locale=en_US&applicationName=BevMoNonReqExt&SEQ=returningMembers
https://wfa.kronostm.com/index.jsp?locale=en_US&APPLICATIONNAME=PetsmartNonReqExt
https://wfa.kronostm.com/index.jsp?locale=en_US&applicationName=RescareNonReqExt&seq=home
https://wfa.kronostm.com/index.jsp?APPLICATIONNAME=TridentSeafoodsCorporationNonReqExt
https://wfa.kronostm.com/index.jsp?locale=en_US&APPLICATIONNAME=TBCCorporationNonReqExt
https://wfa.kronostm.com/index.jsp?locale=en_US&APPLICATIONNAME=SaintLukesKTMDReqExt
https://wfa.kronostm.com/index.jsp;jsessionid=02C8EE2DB852911266FEEC0195252101?locale=en_US&applicationName=SaintLukesKTMDReqExt&seq=ca_home
https://wfa.kronostm.com/index.jsp?applicationName=StarbucksNonReqExt
https://wfa.kronostm.com/index.jsp?locale=en_US&APPLICATIONNAME=GeminiMotorTransportNonReqExt
https://wfa.kronostm.com/index.jsp?locale=en_US&APPLICATIONNAME=CostcoNonReqExt
https://wfa.kronostm.com/index.jsp?locale=en_US&APPLICATIONNAME=TBCCorporationNonReqExt
https://wfa.kronostm.com/index.jsp?locale=en_US&APPLICATIONNAME=SaintLukesKTMDReqExt
https://wfa.kronostm.com/index.jsp;jsessionid=02C8EE2DB852911266FEEC0195252101?locale=en_US&applicationName=SaintLukesKTMDReqExt&seq=ca_home
https://wfa.kronostm.com/index.jsp?applicationName=StarbucksNonReqExt
https://wfa.kronostm.com/index.jsp?locale=en_US&APPLICATIONNAME=GeminiMotorTransportNonReqExt
https://wfa.kronostm.com/index.jsp?locale=en_US&APPLICATIONNAME=CostcoNonReqExt
https://wfa.kronostm.com/index.jsp?FROMJAF=false&INDEX=0&locale=en_US&applicationName=BevMoNonReqExt&SEQ=returningMembers
https://wfa.kronostm.com/index.jsp?locale=en_US&APPLICATIONNAME=PetsmartNonReqExt
https://wfa.kronostm.com/index.jsp?locale=en_US&applicationName=RescareNonReqExt&seq=home
https://wfa.kronostm.com/index.jsp?APPLICATIONNAME=TridentSeafoodsCorporationNonReqExt
https://wfa.kronostm.com/index.jsp?locale=en_US&APPLICATIONNAME=TBCCorporationNonReqExt
https://wfa.kronostm.com/index.jsp?locale=en_US&APPLICATIONNAME=SaintLukesKTMDReqExt
https://wfa.kronostm.com/index.jsp;jsessionid=02C8EE2DB852911266FEEC0195252101?locale=en_US&applicationName=SaintLukesKTMDReqExt&seq=ca_home
https://wfa.kronostm.com/index.jsp?applicationName=StarbucksNonReqExt
https://wfa.kronostm.com/index.jsp?locale=en_US&APPLICATIONNAME=GeminiMotorTransportNonReqExt
https://wfa.kronostm.com/index.jsp?locale=en_US&APPLICATIONNAME=CostcoNonReqExt
https://wfa.kronostm.com/index.jsp?FROMJAF=false&INDEX=0&locale=en_US&applicationName=BevMoNonReqExt&SEQ=returningMembers
https://wfa.kronostm.com/index.jsp?locale=en_US&APPLICATIONNAME=PetsmartNonReqExt
https://wfa.kronostm.com/index.jsp?locale=en_US&applicationName=RescareNonReqExt&seq=home
https://wfa.kronostm.com/index.jsp?APPLICATIONNAME=TridentSeafoodsCorporationNonReqExt
https://wfa.kronostm.com/index.jsp?locale=en_US&APPLICATIONNAME=SecuritasNonReqExt
https://wfa.kronostm.com/index.jsp?locale=en_US&APPLICATIONNAME=SixFlagsNonReqExt
https://wfa.kronostm.com/index.jsp?locale=en_US&APPLICATIONNAME=MarylandLiveCasinoReqExt
https://wfa.kronostm.com/index.jsp;jsessionid=000626CC6560C7D04C8C0F83B18D28D0?locale=en_US&applicationName=CarMaxNonReqExt&seq=home
https://wfa.kronostm.com/index.jsp;jsessionid=60CBE6B0159E5777D35DE77D945E2D59?locale=en_US&applicationName=RaleysNonReqExt&seq=home
https://wfa.kronostm.com/index.jsp?applicationName=Hourlywawa
https://wfa.kronostm.com/index.jsp?LOCALE=en_US&applicationName=DruryHotelsNonReqExt
https://wfa.kronostm.com/index.jsp?locale=en_US&APPLICATIONNAME=ShopRiteNonReqExt
https://wfa.kronostm.com/index.jsp?locale=en_US&APPLICATIONNAME=NewCastleCanadaNonReqExt
https://wfa.kronostm.com/index.jsp?SEARCH.STATELIST.FIELD=state&LOCATION_ID=1772155668&SEARCH.STATELIST.VALUE=PostingCountries.USA.States.WA&locale=en_US&applicationName=TridentSeafoodsCorporationNonReqExt&SEQ=locationDetails&QUALIFIERID=1772144263&SEARCH.CITYLIST.FIELD=localeLocation.city&SEARCH.CITYLIST.VALUE=Seattle
https://wfa.kronostm.com/index.jsp?seq=home&applicationName=LovesTravelStopsCountryStoresNonReqExt&locale=en_US
https://wfa.kronostm.com/index.jsp?applicationname=racetracnonreqext
https://wfa.kronostm.com/index.jsp?locale=en_US&APPLICATIONNAME=RenzenbergerNonReqExt
https://wfa.kronostm.com/index.jsp?locale=en_US&APPLICATIONNAME=JohnQHammonsNonReqExt
https://wfa.kronostm.com/index.jsp?locale=en_US&APPLICATIONNAME=SecuritasCanadaNonReqExtCanada
https://wfa.kronostm.com/index.jsp?seq=home&applicationName=KVATNonReqExt&locale=en_US
https://wfa.kronostm.com/index.jsp?seq=allOpenJobs&applicationName=PetSmartIncNonReqExtCanada&locale=en_US&allOpenJobs=true
https://wfa.kronostm.com/index.jsp;jsessionid=3D56DF55E0C9B9AA0549D434E46D1705?locale=en_US&applicationName=PathwaySeniorLivingLLCNonReqExt&seq=home
https://wfa.kronostm.com/index.jsp?locale=en_US&APPLICATIONNAME=HastingsEntertainmentNonReqExt
https://wfa.kronostm.com/index.jsp?INDEX=0&LOCATION_ID=41379748847&locale=en_US&applicationName=ShopRiteNonReqExt&SEQ=locationDetails
https://wfa.kronostm.com/index.jsp?locale=en_US&applicationName=TheGoodmanGroupNonReqExt&SEQ=positionDetails&POSTING_ID=9437379932
https://wfa.kronostm.com/index.jsp?seq=ca_home&applicationName=SpecialtyRetailersCorpReqExt&locale=en_US
https://wfa.kronostm.com/index.jsp?seq=allLocations&applicationName=SportsAuthorityNonReqExt&locale=en_US&showAllLocations=true&EVENT=com.deploy.application.hourly.plugin.LocationSearch.doSearch
https://wfa.kronostm.com/index.jsp?seq=ca_home&applicationName=ConnextionsKTMDReqExt&locale=en_US
https://wfa.kronostm.com/?seq=allLocations&applicationName=PetsmartNonReqExt&locale=en_US&showAllLocations=true&EVENT=com.deploy.application.hourly.plugin.LocationSearch.doSearch
https://wfa.kronostm.com/index.jsp?seq=ca_home&applicationName=GenescoLIDSKTMDReqExt&locale=en_US
https://wfa.kronostm.com/index.jsp?locale=en_US&APPLICATIONNAME=JerrysEnterprisesIncNonReqExt
https://wfa.kronostm.com/index.jsp?locale=en_US&applicationName=BurgerKingCorporationKTMDReqExt&SEQ=jobDetails&POSTING_ID=52251964755
https://wfa.kronostm.com/index.jsp?LOCATION_ID=51613367976&locale=en_US&applicationName=TownSportsNonReqExt&SEQ=locationDetails&QUALIFIERID=51613367911
https://wfa.kronostm.com/index.jsp?LOCALE=en_US&applicationName=InNOutBurgerNonReqExt&SEQ=home
https://wfa.kronostm.com/index.jsp?locale=en_US&applicationName=CeladonGroupKTMDReqExt&seq=jobBid&deviceMode=desktop&postingId=51627329902&location_id=51627329900
https://wfa.kronostm.com/index.jsp?locale=en_US&applicationName=BevMoNonReqExt&SEQ=positionDetails&POSTING_ID=51846384348
https://wfa.kronostm.com/index.jsp?seq=home&applicationName=ULTANonReqExt&locale=en_US
https://wfa.kronostm.com/index.jsp?INDEX=0&LOCATION_ID=9437370370&locale=en_US&applicationName=TheGoodmanGroupNonReqExt&SEQ=locationDetails
https://wfa.kronostm.com/index.jsp?locale=en_US&applicationName=BurgerKingCorporationKTMDReqExt&SEQ=jobDetails&POSTING_ID=52152494547
https://wfa.kronostm.com/index.jsp?locale=en_US&APPLICATIONNAME=FinishLineNonReqExt
https://wfa.kronostm.com/index.jsp?locale=en_US&applicationName=SixFlagsNonReqExt&SEQ=positionDetails&POSTING_ID=191491918
https://wfa.kronostm.com/index.jsp?LOCATION_ID=50788567911&locale=en_US&applicationName=SaveALotNonReqExt&SEQ=locationDetails&QUALIFIERID=50788567887
https://wfa.kronostm.com/index.jsp?LOCATION_ID=50788277167&locale=en_US&applicationName=SaveALotNonReqExt&SEQ=locationDetails&QUALIFIERID=50788277148
https://wfa.kronostm.com/index.jsp?INDEX=0&LOCATION_ID=36104561940&locale=en_US&applicationName=StarbucksNonReqExt&SEQ=locationDetails
https://wfa.kronostm.com/index.jsp?locale=en_US&applicationName=BFSaulNonReqExt&SEQ=positionDetails&POSTING_ID=52152780498
https://wfa.kronostm.com/index.jsp?ALLOPENJOBS=true&locale=en_US&applicationName=RescareNonReqExt&SEQ=allOpenJobs
https://wfa.kronostm.com/?SRCSEQ=postingSearchResults&applicationName=SheetzKTMDReqExt&locale=en_US&POSTING_ID=52276838745&SEQ=jobDetails&event=com.deploy.application.ca.plugin.JobDetails.checkPostingStatusAndApply&pid=52276838745
https://wfa.kronostm.com/?locale=en_US&applicationName=SecuritasNonReqExt&SEQ=positionDetails&POSTING_ID=44505629481
https://wfa.kronostm.com/index.jsp?locale=en_US&applicationName=StarbucksNonReqExt&SEQ=positionDetails&POSTING_ID=45898402152
https://wfa.kronostm.com/index.jsp?seq=ca_home&applicationName=LasVegasClarkCountyLibraryDistrictKTMDReqExt&locale=en_US
https://wfa.kronostm.com/index.jsp?locale=en_US&applicationName=SixFlagsNonReqExt&SEQ=positionDetails&POSTING_ID=40411665195
https://wfa.kronostm.com/index.jsp?locale=en_US&applicationName=BevMoNonReqExt&SEQ=positionDetails&POSTING_ID=50986835468
https://wfa.kronostm.com/index.jsp?locale=en_US&applicationName=SecuritasReqExt&SEQ=jobDetails&POSTING_ID=49542802670
https://wfa.kronostm.com/index.jsp?LOCATION_ID=49109966343&locale=en_US&applicationName=PetsmartNonReqExt&SEQ=locationDetails&QUALIFIERID=49109966326
https://wfa.kronostm.com/?locale=en_US&applicationName=RescareNonReqExt&SEQ=positionDetails&POSTING_ID=46074205507
https://wfa.kronostm.com/index.jsp?LOCATION_ID=50612718672&locale=en_US&applicationName=SaveALotNonReqExt&SEQ=locationDetails&QUALIFIERID=50612718629
https://wfa.kronostm.com/index.jsp;jsessionid=04D329F58488F40A64D339C37ADEA973?LOCATION_ID=51795387085&locale=en_US&applicationName=BevMoNonReqExt&SEQ=locationDetails&QUALIFIERID=51795387044
https://wfa.kronostm.com/index.jsp?LOCATION_ID=16183192791&locale=en_US&applicationName=JohnQHammonsNonReqExt&SEQ=locationDetails&APPLYALLJOBS=true
https://wfa.kronostm.com/index.jsp?locale=en_US&APPLICATIONNAME=SpecialtyRetailersCorpReqExt
https://wfa.kronostm.com/index.jsp?locale=en_US&applicationName=SpecialtyRetailersDCReqExt&SEQ=jobDetails&POSTING_ID=52245817417
https://wfa.kronostm.com/?LOCATION_ID=50836617595&locale=en_US&applicationName=CostcoNonReqExt&EVENT=com.deploy.application.hourly.plugin.SelectAdditionalLocations.doSearch&SEQ=selectAdditionalLocations&POSTING_ID=9129833938
https://wfa.kronostm.com/?locale=en_US&applicationName=CostcoNonReqExt&SEQ=positionDetails&POSTING_ID=50441684551
https://wfa.kronostm.com/index.jsp?locale=en_US&applicationName=StarbucksNonReqExt&seq=selectAdditionalPositions&PRIMARYLOCATION=2895102813&POSTING_ID=667441924&ADDITIONALLOCATIONS=2895103348
https://wfa.kronostm.com/index.jsp?locale=en_US&applicationName=StarbucksNonReqExt&SEQ=positionDetails&POSTING_ID=26767477001
https://wfa.kronostm.com/index.jsp?locale=en_US&applicationName=HolidayStationStoresNonReqExt&SEQ=positionDetails&POSTING_ID=50932538741
https://wfa.kronostm.com/index.jsp?locale=en_US&applicationName=LasVegasClarkCountyLibraryDistrictKTMDReqExt&SEQ=jobDetails&POSTING_ID=51687829179
https://wfa.kronostm.com/index.jsp?locale=en_US&applicationName=FinishLineNonReqExt&SEQ=positionDetails&POSTING_ID=51162873929
https://wfa.kronostm.com/index.jsp?locale=en_US&applicationName=WawaReqExt&SEQ=jobDetails&POSTING_ID=51533722344
https://wfa.kronostm.com/?LOCATION_ID=48902479815&locale=en_US&applicationName=PetsmartNonReqExt&SEQ=locationDetails&QUALIFIERID=48902479766
https://wfa.kronostm.com/index.jsp?locale=en_US&applicationName=StarbucksNonReqExt&SEQ=positionDetails&POSTING_ID=45898600443
https://wfa.kronostm.com/index.jsp?locale=en_US&applicationName=InNOutBurgerReqExt&SEQ=jobDetails&POSTING_ID=51854971335
https://wfa.kronostm.com/index.jsp?locale=en_US&applicationName=SecuritasReqExt&SEQ=jobDetails&POSTING_ID=50379382353
https://wfa.kronostm.com/index.jsp?locale=en_US&applicationName=SixFlagsNonReqExt&SEQ=positionDetails&POSTING_ID=191491688
https://wfa.kronostm.com/index.jsp?locale=en_US&applicationName=BFSaulNonReqExt&SEQ=positionDetails&POSTING_ID=7650697841
https://wfa.kronostm.com/?seq=allLocations&applicationName=RescareNonReqExt&locale=en_US&showAllLocations=true&EVENT=com.deploy.application.hourly.plugin.LocationSearch.doSearch
https://wfa.kronostm.com/index.jsp?seq=allLocations&applicationName=TownSportsNonReqExt&locale=en_US&showAllLocations=true&EVENT=com.deploy.application.hourly.plugin.LocationSearch.doSearch
https://wfa.kronostm.com/?locale=en_US&applicationName=RescareNonReqExt&SEQ=positionDetails&POSTING_ID=29125585794
https://wfa.kronostm.com/index.jsp?seq=home&applicationName=YMCANonReqExt&locale=en_US
https://wfa.kronostm.com/?locale=en_US&applicationName=RescareNonReqExt&SEQ=positionDetails&POSTING_ID=49027431621
https://wfa.kronostm.com/?seq=home&applicationName=UniversalOrlandoNonReqExt&locale=en_US
https://wfa.kronostm.com/index.jsp?locale=en_US&APPLICATIONNAME=GenescoINDistributionNonReqExt
https://wfa.kronostm.com/index.jsp?locale=en_US&APPLICATIONNAME=LMRestaurantsNonReqExt
https://wfa.kronostm.com/index.jsp?locale=en_US&applicationName=UniversalOrlandoNonReqExt&SEQ=positionDetails&POSTING_ID=48803298568
https://wfa.kronostm.com/index.jsp?locale=en_US&applicationName=NewCastleCanadaNonReqExt&SEQ=positionDetails&POSTING_ID=51353654408
https://wfa.kronostm.com/index.jsp?INDEX=0&locale=en_US&applicationName=TheCoffeeBeanAndTeaLeafReqExt&SEQ=registration
https://wfa.kronostm.com/index.jsp?locale=en_US&applicationName=TridentSeafoodsCorporationKTMDReqExt&SEQ=jobDetails&POSTING_ID=51350623409
https://wfa.kronostm.com/index.jsp?locale=en_US&applicationName=NewCastleCanadaNonReqExt&SEQ=positionDetails&POSTING_ID=43437333330
https://wfa.kronostm.com/index.jsp?locale=en_US&applicationName=UniversalOrlandoNonReqExt&SEQ=positionDetails&POSTING_ID=49137031977
https://wfa.kronostm.com/index.jsp?locale=en_US&applicationName=BurgerKingCorporationKTMDReqExt&SEQ=jobDetails&POSTING_ID=52359630274
https://wfa.kronostm.com/index.jsp?locale=en_US&applicationName=ExtendicareReqExt&SEQ=jobDetails&POSTING_ID=49047695487
https://wfa.kronostm.com/index.jsp?locale=en_US&applicationName=HolidayStationStoresNonReqExt&SEQ=positionDetails&POSTING_ID=51031308671
https://wfa.kronostm.com/index.jsp?locale=en_US&applicationName=StarbucksNonReqExt&SEQ=positionDetails&POSTING_ID=45898583011
https://wfa.kronostm.com/index.jsp?LOCATION_ID=50532052956&locale=en_US&applicationName=HeinensNonReqExt&SEQ=locationDetails&QUALIFIERID=50532052896
https://wfa.kronostm.com/index.jsp?seq=allLocations&applicationName=NewCastleHotelsNonReqExt&locale=en_US&showAllLocations=true&EVENT=com.deploy.application.hourly.plugin.LocationSearch.doSearch
https://wfa.kronostm.com/index.jsp?locale=en_US&applicationName=TheGoodmanGroupNonReqExt&SEQ=positionDetails&POSTING_ID=9437378404
https://wfa.kronostm.com/index.jsp?seq=allLocations&applicationName=SAEliteNonReqExt&locale=en_US&showAllLocations=true&EVENT=com.deploy.application.hourly.plugin.LocationSearch.doSearch
https://wfa.kronostm.com/index.jsp?locale=en_US&applicationName=SygmaNetworkNonReqExt&SEQ=positionDetails&POSTING_ID=47991568004
https://wfa.kronostm.com/index.jsp?seq=allOpenJobs&applicationName=FinishLineNonReqExt&locale=en_US&allOpenJobs=true
https://wfa.kronostm.com/?locale=en_US&applicationName=RescareNonReqExt&SEQ=positionDetails&POSTING_ID=9980994535
https://wfa.kronostm.com/index.jsp?INDEX=0&locale=en_US&applicationName=TheCoffeeBeanAndTeaLeafReqExt&SEQ=registration
https://wfa.kronostm.com/index.jsp?locale=es_PR&applicationName=RescareNonReqExt&SEQ=positionDetails&POSTING_ID=50533540553
https://wfa.kronostm.com/index.jsp?INDEX=0&LOCATION_ID=191490207&locale=en_US&applicationName=SixFlagsNonReqExt&SEQ=locationDetails
https://wfa.kronostm.com/index.jsp?locale=en_US&applicationName=BFSaulNonReqExt&SEQ=positionDetails&POSTING_ID=7650697672
https://wfa.kronostm.com/index.jsp?locale=en_US&applicationName=UniversalOrlandoNonReqExt&SEQ=positionDetails&POSTING_ID=41905485212
https://wfa.kronostm.com/index.jsp?locale=en_US&applicationName=InNOutBurgerReqExt&SEQ=jobDetails&POSTING_ID=48652494592
https://wfa.kronostm.com/index.jsp?locale=en_US&applicationName=GenescoLidsClubHouseNonReqExt&SEQ=positionDetails&POSTING_ID=46176256168
https://wfa.kronostm.com/?locale=es_PR&applicationName=RescareNonReqExt&SEQ=positionDetails&POSTING_ID=46811428769
https://wfa.kronostm.com/index.jsp?LOCATION_ID=50411651992&locale=en_US&applicationName=HeinensNonReqExt&SEQ=locationDetails&QUALIFIERID=50411651957
https://wfa.kronostm.com/?INDEX=0&LOCATION_ID=13821585637&locale=en_US&applicationName=WinCoNonReqExt&SEQ=locationDetails
https://wfa.kronostm.com/index.jsp?locale=en_US&applicationName=SixFlagsNonReqExt&SEQ=positionDetails&POSTING_ID=191491968
https://wfa.kronostm.com/index.jsp?INDEX=0&STORENUM=20035&locale=en_US&applicationName=StarbucksNonReqExt&SEQ=locationDetails
https://wfa.kronostm.com/index.jsp?seq=allOpenJobs&applicationName=TheCoffeeBeanAndTeaLeafNonReqExt&locale=en_US&allOpenJobs=true
https://wfa.kronostm.com/index.jsp?locale=en_US&applicationName=BFSaulNonReqExt&SEQ=positionDetails&POSTING_ID=7650697640
https://wfa.kronostm.com/index.jsp?locale=en_US&applicationName=SixFlagsNonReqExt&SEQ=positionDetails&POSTING_ID=5076730438
https://wfa.kronostm.com/index.jsp?locale=en_US&applicationName=SygmaNetworkNonReqExt&SEQ=positionDetails&POSTING_ID=51796377175
https://wfa.kronostm.com/index.jsp?locale=en_US&applicationName=StarbucksNonReqExt&SEQ=positionDetails&POSTING_ID=50383410473
https://wfa.kronostm.com/index.jsp?locale=en_US&applicationName=NewCastleCanadaNonReqExt&SEQ=positionDetails&POSTING_ID=47426533540
https://wfa.kronostm.com/index.jsp?LOCATION_ID=50925164451&locale=en_US&applicationName=SpecialtyRetailersNonReqExt&SEQ=locationDetails&QUALIFIERID=50925164442
https://wfa.kronostm.com/index.jsp?locale=en_US&applicationName=BFSaulNonReqExt&SEQ=positionDetails&POSTING_ID=7650697399
https://wfa.kronostm.com/index.jsp?locale=en_US&APPLICATIONNAME=WawaReqExt
https://wfa.kronostm.com/index.jsp?locale=en_US&applicationName=BFSaulNonReqExt&SEQ=positionDetails&POSTING_ID=51820880415
https://wfa.kronostm.com/index.jsp?INDEX=0&STORENUM=20530&locale=en_US&applicationName=StarbucksNonReqExt&SEQ=locationDetails
https://wfa.kronostm.com/index.jsp?locale=en_US&applicationName=TheGoodmanGroupNonReqExt&SEQ=positionDetails&POSTING_ID=51200674321
https://wfa.kronostm.com/index.jsp?locale=en_US&applicationName=UniversalOrlandoNonReqExt&SEQ=positionDetails&POSTING_ID=49873338205
https://wfa.kronostm.com/?locale=en_US&applicationName=UniversalOrlandoNonReqExt&SEQ=positionDetails&POSTING_ID=51663763218
https://wfa.kronostm.com/index.jsp?seq=allLocations&applicationName=HIENonReqExt&locale=en_US&showAllLocations=true&EVENT=com.deploy.application.hourly.plugin.LocationSearch.doSearch
https://wfa.kronostm.com/?locale=en_US&applicationName=RescareNonReqExt&SEQ=positionDetails&POSTING_ID=49041426142
https://wfa.kronostm.com/?locale=en_US&applicationName=RescareNonReqExt&SEQ=positionDetails&POSTING_ID=379755068
https://wfa.kronostm.com/?locale=en_US&applicationName=RescareNonReqExt&SEQ=positionDetails&POSTING_ID=379751155
https://wfa.kronostm.com/index.jsp?locale=en_US&applicationName=UniversalOrlandoNonReqExt&SEQ=positionDetails&POSTING_ID=50087242476
https://wfa.kronostm.com/index.jsp?SOURCEINFO=JobFamilies.Corporate&locale=en_US&applicationName=TownSportsNonReqExt&SEQ=positionSearchResults
https://wfa.kronostm.com/index.jsp?locale=en_US&applicationName=YMCAKTMDReqExt&SEQ=jobDetails&POSTING_ID=50509665872
https://wfa.kronostm.com/index.jsp?locale=en_US&applicationName=TownSportsNonReqExt&SEQ=positionDetails&POSTING_ID=17956249029
https://wfa.kronostm.com/?locale=es_PR&applicationName=RescareNonReqExt&SEQ=positionDetails&POSTING_ID=25582273789
https://wfa.kronostm.com/index.jsp;jsessionid=11CE00EB1E41AE3A533622890F064857?LOCATION_ID=51795425008&locale=en_US&applicationName=BevMoNonReqExt&SEQ=locationDetails&QUALIFIERID=51795424954
https://wfa.kronostm.com/index.jsp?locale=en_US&APPLICATIONNAME=GenescoLidsClubHouseNonReqExt
https://wfa.kronostm.com/index.jsp?locale=en_US&APPLICATIONNAME=SpecialtyRetailersDCReqExt
https://wfa.kronostm.com/index.jsp?LOCATION_ID=1772156515&locale=en_US&applicationName=TridentSeafoodsCorporationNonReqExt&SEQ=postingLocationDetails&POSTING_ID=1772168479
https://wfa.kronostm.com/?locale=en_US&applicationName=WinCoNonReqExt&SEQ=positionDetails&POSTING_ID=51207927414
https://wfa.kronostm.com/?seq=allLocations&applicationName=HMRVeteransServicesIncNonReqExt&locale=en_US&showAllLocations=true&EVENT=com.deploy.application.hourly.plugin.LocationSearch.doSearch
https://wfa.kronostm.com/index.jsp?locale=en_US&applicationName=CharmingCharlieKTMDReqExt&SEQ=jobDetails&POSTING_ID=52408840251
https://wfa.kronostm.com/index.jsp?locale=en_US&applicationName=TridentSeafoodsCorporationNonReqExt&SEQ=positionDetails&POSTING_ID=48223377218
https://wfa.kronostm.com/index.jsp?LOCATION_ID=50622855437&locale=en_US&applicationName=SpecialtyRetailersNonReqExt&SEQ=locationDetails&QUALIFIERID=50622855370
https://wfa.kronostm.com/index.jsp?locale=en_US&applicationName=JerrysEnterprisesIncNonReqExt&SEQ=positionDetails&POSTING_ID=46094393866
https://wfa.kronostm.com/index.jsp?locale=en_US&applicationName=BevMoNonReqExt&SEQ=positionDetails&POSTING_ID=47152454935
https://wfa.kronostm.com/index.jsp?ALLOPENJOBS=true&locale=en_US&applicationName=StrackAndVanTilNonReqExt&SEQ=allOpenJobs
https://wfa.kronostm.com/index.jsp?locale=en_US&applicationName=UniversalOrlandoNonReqExt&SEQ=positionDetails&POSTING_ID=51231531252
https://wfa.kronostm.com/index.jsp?seq=allLocations&applicationName=HolidayStationStoresNonReqExt&locale=en_US&showAllLocations=true&EVENT=com.deploy.application.hourly.plugin.LocationSearch.doSearch
https://wfa.kronostm.com/?locale=en_US&applicationName=UniversalOrlandoNonReqExt&SEQ=positionDetails&POSTING_ID=41905578496
https://wfa.kronostm.com/index.jsp?INDEX=0&LOCATION_ID=191489944&locale=en_US&applicationName=SixFlagsNonReqExt&SEQ=locationDetails
https://wfa.kronostm.com/index.jsp?locale=en_US&applicationName=TownSportsNonReqExt&SEQ=positionDetails&POSTING_ID=177094
https://wfa.kronostm.com/index.jsp?LOCATION_ID=51172934794&locale=en_US&applicationName=LidsandLidsLockerRoomNonReqExt&SEQ=locationDetails&QUALIFIERID=51172934788
https://wfa.kronostm.com/?seq=allLocations&applicationName=StrackAndVanTilNonReqExt&locale=en_US&showAllLocations=true&EVENT=com.deploy.application.hourly.plugin.LocationSearch.doSearch
https://wfa.kronostm.com/index.jsp?locale=en_US&applicationName=NewCastleCanadaNonReqExt&SEQ=positionDetails&POSTING_ID=43437282110
https://wfa.kronostm.com/index.jsp?locale=en_US&applicationName=BancroftKTMDReqExt&SEQ=jobDetails&POSTING_ID=48771740031
https://wfa.kronostm.com/?locale=en_US&applicationName=CostcoNonReqExt&SEQ=positionDetails&POSTING_ID=9129804150
https://wfa.kronostm.com/?locale=en_US&applicationName=RescareNonReqExt&SEQ=positionDetails&POSTING_ID=29868641611
https://wfa.kronostm.com/index.jsp?locale=en_US&applicationName=RocheBrosNonReqExt&SEQ=positionDetails&POSTING_ID=4592366933
https://wfa.kronostm.com/index.jsp?LOCATION_ID=51172934727&locale=en_US&applicationName=LidsandLidsLockerRoomNonReqExt&SEQ=locationDetails&QUALIFIERID=51172934721
https://wfa.kronostm.com/index.jsp?locale=en_US&APPLICATIONNAME=LafayetteGeneralHealthKTMDReqExt
https://wfa.kronostm.com/index.jsp?locale=en_US&applicationName=StarbucksNonReqExtCanada&SEQ=positionDetails&POSTING_ID=667441998
https://wfa.kronostm.com/?locale=en_US&applicationName=PGSNonReqExt&SEQ=positionDetails&POSTING_ID=22446968260
https://wfa.kronostm.com/index.jsp?locale=en_US&applicationName=DruryHotelsNonReqExt&SEQ=positionDetails&POSTING_ID=24787697383
https://wfa.kronostm.com/?locale=en_US&applicationName=RescareNonReqExt&SEQ=positionDetails&POSTING_ID=46935680688
https://wfa.kronostm.com/index.jsp?LOCATION_ID=50622879319&locale=en_US&applicationName=SpecialtyRetailersNonReqExt&SEQ=locationDetails&QUALIFIERID=50622879276
https://wfa.kronostm.com/index.jsp?locale=en_US&applicationName=TridentSeafoodsCorporationNonReqExt&SEQ=positionDetails&POSTING_ID=47356710571
https://wfa.kronostm.com/index.jsp?applicationName=InNOutBurgerReqExt&locale=en_US&seq=savedJobs&event=com.deploy.application.ca.plugin.SavedJobs.saveJobs&selected_row=52495976995
https://wfa.kronostm.com/index.jsp?locale=en_US&applicationName=UniversalOrlandoNonReqExt&SEQ=positionDetails&POSTING_ID=8828309020
https://wfa.kronostm.com/index.jsp?locale=en_US&applicationName=UniversalOrlandoNonReqExt&SEQ=positionDetails&POSTING_ID=48766718516
https://wfa.kronostm.com/index.jsp?locale=en_US&applicationName=BancroftKTMDReqExt&SEQ=jobDetails&POSTING_ID=51890607115
https://wfa.kronostm.com/index.jsp?LOCATION_ID=49966346312&locale=en_US&applicationName=TheCoffeeBeanAndTeaLeafNonReqExt&SEQ=locationDetails&QUALIFIERID=49966346088
https://wfa.kronostm.com/index.jsp?locale=en_US&applicationName=MarylandLiveCasinoReqExt&SEQ=jobDetails&POSTING_ID=50130420509
https://wfa.kronostm.com/index.jsp?locale=en_US&applicationName=ParagonReqExt&SEQ=jobDetails&POSTING_ID=50595589025
https://wfa.kronostm.com/index.jsp?locale=en_US&applicationName=NewCastleCanadaNonReqExt&SEQ=positionDetails&POSTING_ID=43437333062
https://wfa.kronostm.com/index.jsp?locale=en_US&applicationName=CarMaxNonReqExt&SEQ=positionDetails&POSTING_ID=49243469319
https://wfa.kronostm.com/?FROMJAF=false&INDEX=0&locale=en_US&applicationName=PetsmartNonReqExt&SEQ=registration
https://wfa.kronostm.com/index.jsp?locale=en_US&applicationName=NewCastleHotelsNonReqExt&SEQ=positionDetails&POSTING_ID=51605908559
https://wfa.kronostm.com/index.jsp?locale=en_US&applicationName=TownSportsNonReqExt&SEQ=positionDetails&POSTING_ID=9418334
https://wfa.kronostm.com/index.jsp?locale=en_US&applicationName=TridentSeafoodsCorporationKTMDReqExt&SEQ=jobDetails&POSTING_ID=51238283774
https://wfa.kronostm.com/index.jsp?LOCATION_ID=191490099&locale=en_US&applicationName=SixFlagsNonReqExt&SEQ=locationDetails&APPLYALLJOBS=true
https://wfa.kronostm.com/index.jsp?LOCATION_ID=51172934773&locale=en_US&applicationName=LidsandLidsLockerRoomNonReqExt&SEQ=locationDetails&QUALIFIERID=51172934767
https://wfa.kronostm.com/index.jsp?locale=en_US&applicationName=LovesTravelStopsCountryStoresMusketReqExternalSeekerSite&SEQ=jobDetails&POSTING_ID=48950613713
https://wfa.kronostm.com/index.jsp?locale=en_US&applicationName=MarylandLiveCasinoReqExt&SEQ=jobDetails&POSTING_ID=51448045867
https://wfa.kronostm.com/index.jsp?locale=en_US&applicationName=JohnQHammonsKTMDReqExt&SEQ=jobDetails&POSTING_ID=49715067466
https://wfa.kronostm.com/index.jsp?locale=en_US&applicationName=FinishLineKTMDReqExt&SEQ=jobDetails&POSTING_ID=50053298760
https://wfa.kronostm.com/index.jsp?seq=allLocations&applicationName=BFSaulNonReqExt&locale=en_US&showAllLocations=true&EVENT=com.deploy.application.hourly.plugin.LocationSearch.doSearch
https://wfa.kronostm.com/index.jsp?FROMJAF=false&INDEX=0&locale=en_US&applicationName=SpecialtyRetailersNonReqExt&SEQ=registration
https://wfa.kronostm.com/?locale=en_US&applicationName=UniversalOrlandoNonReqExt&SEQ=positionDetails&POSTING_ID=29974255573
https://wfa.kronostm.com/?locale=en_US&applicationName=YMCANonReqExt&SEQ=positionDetails&POSTING_ID=46231343285
https://wfa.kronostm.com/?LOCATION_ID=51639783218&locale=en_US&applicationName=RaceTracNonReqExt&SEQ=locationDetails&QUALIFIERID=51639783165
https://wfa.kronostm.com/index.jsp?applicationName=RocheBrosNonReqExt&locale=en_US&posting_id=4592366873&sourceSeq=positionDetails&seq=jobReferral
https://wfa.kronostm.com/?locale=en_US&applicationName=RescareNonReqExt&SEQ=positionDetails&POSTING_ID=47022436844
https://wfa.kronostm.com/index.jsp?locale=en_US&applicationName=NewCastleCanadaNonReqExt&SEQ=positionDetails&POSTING_ID=43437282371
https://wfa.kronostm.com/index.jsp?LOCATION_ID=49108926903&locale=en_US&applicationName=PetsmartNonReqExt&SEQ=locationDetails&APPLYALLJOBS=true
https://wfa.kronostm.com/index.jsp?locale=en_US&applicationName=ValleyServicesKTMDReqExt&SEQ=jobDetails&POSTING_ID=51150834898
https://wfa.kronostm.com/index.jsp?locale=en_US&applicationName=GenescoLidsClubHouseNonReqExt&SEQ=positionDetails&POSTING_ID=46176255851
https://wfa.kronostm.com/index.jsp?locale=en_US&applicationName=LundsNonReqExt&SEQ=positionDetails&POSTING_ID=42055023275
https://wfa.kronostm.com/?LOCATION_ID=51639793069&locale=en_US&applicationName=RaceTracNonReqExt&SEQ=locationDetails&QUALIFIERID=51639793009
https://wfa.kronostm.com/?LOCATION_ID=48524252552&locale=en_US&applicationName=PetsmartNonReqExt&SEQ=locationDetails&QUALIFIERID=48524252489
https://wfa.kronostm.com/index.jsp?seq=allLocations&applicationName=SCGNonReqExt&locale=en_US&showAllLocations=true&EVENT=com.deploy.application.hourly.plugin.LocationSearch.doSearch
https://wfa.kronostm.com/index.jsp?locale=en_US&applicationName=BFSaulNonReqExt&SEQ=positionDetails&POSTING_ID=50776560537
https://wfa.kronostm.com/index.jsp?locale=en_US&applicationName=LundsNonReqExt&SEQ=positionDetails&POSTING_ID=42055021371
https://wfa.kronostm.com/index.jsp?locale=en_US&applicationName=UniversalOrlandoNonReqExt&SEQ=positionDetails&POSTING_ID=8830131126&SpecificSource=65329
https://wfa.kronostm.com/?locale=en_US&applicationName=UniversalOrlandoNonReqExt&SEQ=positionDetails&POSTING_ID=8829395502
https://wfa.kronostm.com/index.jsp?seq=allOpenJobs&applicationName=LovesTravelStopsCountryStoresNonReqExt&locale=en_US&allOpenJobs=true
https://wfa.kronostm.com/index.jsp?LOCATION_ID=51172934784&locale=en_US&applicationName=LidsandLidsLockerRoomNonReqExt&SEQ=locationDetails&QUALIFIERID=51172934778
https://wfa.kronostm.com/index.jsp?locale=en_US&applicationName=UniversalOrlandoNonReqExt&SEQ=positionDetails&POSTING_ID=51230213638
https://wfa.kronostm.com/index.jsp?locale=en_US&applicationName=OceanStateJobLotNonReqExt&seq=locationDetails&deviceMode=desktop&location_id=50200542890
https://wfa.kronostm.com/index.jsp?LOCATION_ID=49654665054&locale=en_US&applicationName=ValleyServicesNonReqExt&SEQ=locationDetails&QUALIFIERID=49654647733
https://wfa.kronostm.com/index.jsp?locale=en_US&applicationName=NewCastleCanadaNonReqExt&SEQ=positionDetails&POSTING_ID=43437282456
https://wfa.kronostm.com/?locale=en_US&applicationName=RescareNonReqExt&SEQ=positionDetails&POSTING_ID=1752565703
https://wfa.kronostm.com/index.jsp?locale=en_US&applicationName=InNOutBurgerReqExt&SEQ=jobDetails&POSTING_ID=51352814739
https://wfa.kronostm.com/index.jsp?LOCATION_ID=49108709984&locale=en_US&applicationName=PetsmartNonReqExt&SEQ=locationDetails&APPLYALLJOBS=true
https://wfa.kronostm.com/index.jsp?SRCSEQ=postingSearchResults&applicationName=SheetzKTMDReqExt&locale=en_US&POSTING_ID=48765026078&SEQ=jobDetails&event=com.deploy.application.ca.plugin.JobDetails.checkPostingStatusAndApply&pid=48765026078
https://wfa.kronostm.com/index.jsp?locale=en_US&applicationName=YMCADallasKTMDReqExt&SEQ=jobDetails&POSTING_ID=52152629091
https://wfa.kronostm.com/?INDEX=0&LOCATION_ID=13821587416&locale=en_US&applicationName=WinCoNonReqExt&SEQ=locationDetails
https://wfa.kronostm.com/?locale=en_US&applicationName=RescareNonReqExt&SEQ=positionDetails&POSTING_ID=1750008397
https://wfa.kronostm.com/?locale=en_US&applicationName=PGSNonReqExt&SEQ=positionDetails&POSTING_ID=13907409861
https://wfa.kronostm.com/index.jsp?INDEX=0&LOCATION_ID=191490190&locale=en_US&applicationName=SixFlagsNonReqExt&SEQ=locationDetails
https://wfa.kronostm.com/index.jsp?locale=en_US&applicationName=NewCastleCanadaNonReqExt&SEQ=positionDetails&POSTING_ID=50383920110
https://wfa.kronostm.com/?INDEX=0&LOCATION_ID=13821587592&locale=en_US&applicationName=WinCoNonReqExt&SEQ=locationDetails
https://wfa.kronostm.com/index.jsp?locale=en_US&applicationName=ULTANonReqExt&SEQ=positionDetails&POSTING_ID=41812578441
https://wfa.kronostm.com/index.jsp?locale=en_US&applicationName=YMCAKTMDReqExt&SEQ=jobDetails&POSTING_ID=51966362065
https://wfa.kronostm.com/?locale=en_US&applicationName=UniversalOrlandoNonReqExt&SEQ=positionDetails&POSTING_ID=7143466674
https://wfa.kronostm.com/index.jsp?LOCATION_ID=191490102&locale=en_US&applicationName=SixFlagsNonReqExt&SEQ=locationDetails&APPLYALLJOBS=true
https://wfa.kronostm.com/index.jsp?locale=en_US&applicationName=MarylandLiveCasinoReqExt&SEQ=jobDetails&POSTING_ID=50976611075
https://wfa.kronostm.com/index.jsp?FROMJAF=false&INDEX=0&locale=en_US&applicationName=YMCAofGreaterIndianapolisKTMDReqExt&SEQ=registration
https://wfa.kronostm.com/index.jsp?locale=en_US&applicationName=YMCAKTMDReqExt&SEQ=jobDetails&POSTING_ID=51787868837
https://wfa.kronostm.com/index.jsp?seq=home&applicationName=TradesmartNonReqEx&locale=en_US
https://wfa.kronostm.com/?locale=en_US&applicationName=CostcoNonReqExt&SEQ=positionDetails&POSTING_ID=9129820342
https://wfa.kronostm.com/index.jsp?locale=en_US&applicationName=UniversalOrlandoNonReqExt&SEQ=positionDetails&POSTING_ID=52690996603&SpecificSource=11739
https://wfa.kronostm.com/?locale=en_US&applicationName=UniversalOrlandoNonReqExt&SEQ=positionDetails&POSTING_ID=48132640974
https://wfa.kronostm.com/index.jsp?SOURCEINFO=Wisconsin&SOURCE=location&SEARCH.STATE.VALUE=PostingCountries.USA.States.WI&locale=en_US&applicationName=ExtendicareReqExt&EVENT=com.deploy.application.ca.plugin.PostingSearch.doSearch&SEQ=postingSearchResults&SEARCH.STATE.FIELD=locationExts.location.state
https://wfa.kronostm.com/index.jsp?LOCATION_ID=50747063354&locale=en_US&applicationName=CharmingCharlieNonReqExt&SEQ=locationDetails&QUALIFIERID=50747063311
https://wfa.kronostm.com/index.jsp?LOCATION_ID=50747235477&locale=en_US&applicationName=CharmingCharlieNonReqExt&SEQ=locationDetails&QUALIFIERID=50747235455
https://wfa.kronostm.com/index.jsp?INDEX=0&locale=en_US&applicationName=TridentSeafoodsCorporationKTMDReqExt&SEQ=registration
https://wfa.kronostm.com/?locale=en_US&applicationName=RescareNonReqExt&SEQ=positionDetails&POSTING_ID=29168384519
https://wfa.kronostm.com/?locale=en_US&applicationName=RescareNonReqExt&SEQ=positionDetails&POSTING_ID=46424197929
https://wfa.kronostm.com/index.jsp?locale=en_US&applicationName=HolidayStationStoresNonReqExt&SEQ=positionDetails&POSTING_ID=32509521025
https://wfa.kronostm.com/?seq=allLocations&applicationName=PetSmartIncNonReqExtCanada&locale=en_US&showAllLocations=true&EVENT=com.deploy.application.hourly.plugin.LocationSearch.doSearch
https://wfa.kronostm.com/index.jsp?LOCATION_ID=47503280028&locale=en_US&applicationName=SportsAuthorityNonReqExt&SEQ=locationDetails&APPLYALLJOBS=true
https://wfa.kronostm.com/index.jsp?LOCATION_ID=49966217467&locale=en_US&applicationName=TheCoffeeBeanAndTeaLeafNonReqExt&SEQ=locationDetails&QUALIFIERID=49966217432
https://wfa.kronostm.com/index.jsp?locale=en_US&applicationName=NewCastleCanadaNonReqExt&SEQ=positionDetails&POSTING_ID=43915073780
https://wfa.kronostm.com/index.jsp?locale=en_US&applicationName=OceanStateJobLotNonReqExt&seq=locationDetails&location_id=26664746103
https://wfa.kronostm.com/index.jsp?locale=en_US&applicationName=LidsandLidsLockerRoomNonReqExt&SEQ=positionDetails&POSTING_ID=50085219698
https://wfa.kronostm.com/index.jsp?locale=en_US&APPLICATIONNAME=TesoroNonReqExt
https://wfa.kronostm.com/index.jsp?locale=en_US&applicationName=StarbucksNonReqExt&SEQ=positionDetails&POSTING_ID=39930407360
https://wfa.kronostm.com/index.jsp;jsessionid=04D329F58488F40A64D339C37ADEA973?locale=en_US&applicationName=BevMoNonReqExt&seq=home
https://wfa.kronostm.com/?locale=en_US&applicationName=WinCoNonReqExt&SEQ=positionDetails&POSTING_ID=44983352434
https://wfa.kronostm.com/index.jsp?seq=allLocations&applicationName=Century21NonReqExt&locale=en_US&showAllLocations=true&EVENT=com.deploy.application.hourly.plugin.LocationSearch.doSearch
https://wfa.kronostm.com/?locale=en_US&applicationName=RescareNonReqExt&SEQ=positionDetails&POSTING_ID=1516957904
https://wfa.kronostm.com/index.jsp?locale=en_US&applicationName=UniversalOrlandoNonReqExt&SEQ=positionDetails&POSTING_ID=50897384475
https://wfa.kronostm.com/index.jsp?locale=en_US&applicationName=YMCADallasNonReqExt&SEQ=positionDetails&POSTING_ID=46987580838
https://wfa.kronostm.com/index.jsp?LOCATION_ID=50747541770&locale=en_US&applicationName=CharmingCharlieNonReqExt&SEQ=locationDetails&QUALIFIERID=50747541748
https://wfa.kronostm.com/index.jsp?LOCATION_ID=51848060653&locale=en_US&applicationName=CharmingCharlieNonReqExt&SEQ=locationDetails&QUALIFIERID=51848060454
https://wfa.kronostm.com/index.jsp?locale=en_US&APPLICATIONNAME=TownSportsReqExternalSeekerSite
https://wfa.kronostm.com/?LOCATION_ID=51605695351&locale=en_US&applicationName=RaceTracNonReqExt&SEQ=locationDetails&QUALIFIERID=51605695312
https://wfa.kronostm.com/index.jsp?locale=en_US&applicationName=DruryHotelsNonReqExt&SEQ=positionDetails&POSTING_ID=24787697500
https://wfa.kronostm.com/index.jsp?locale=en_US&applicationName=SygmaNetworkNonReqExt&SEQ=positionDetails&POSTING_ID=39956820133
https://wfa.kronostm.com/index.jsp?LOCATION_ID=50747988198&locale=en_US&applicationName=CharmingCharlieNonReqExt&SEQ=locationDetails&QUALIFIERID=50747988196
https://wfa.kronostm.com/index.jsp?LOCATION_ID=50622855189&locale=en_US&applicationName=SpecialtyRetailersNonReqExt&SEQ=locationDetails&QUALIFIERID=50622855178
https://wfa.kronostm.com/index.jsp?locale=en_US&applicationName=UniversalOrlandoNonReqExt&SEQ=positionDetails&POSTING_ID=50935916839
https://wfa.kronostm.com/?locale=en_US&applicationName=UniversalOrlandoNonReqExt&SEQ=positionDetails&POSTING_ID=8829629493
https://wfa.kronostm.com/?locale=en_US&applicationName=CostcoNonReqExt&SEQ=positionDetails&POSTING_ID=9129795831
https://wfa.kronostm.com/index.jsp?locale=en_US&applicationName=UniversalOrlandoNonReqExt&SEQ=positionDetails&POSTING_ID=50935916839
https://wfa.kronostm.com/?locale=en_US&applicationName=UniversalOrlandoNonReqExt&SEQ=positionDetails&POSTING_ID=8829629493
https://wfa.kronostm.com/?locale=en_US&applicationName=CostcoNonReqExt&SEQ=positionDetails&POSTING_ID=9129795831
https://wfa.kronostm.com/index.jsp?locale=en_US&applicationName=FamousDavesNonReqExt&seq=locationDetails&location_id=44984653924
https://wfa.kronostm.com/index.jsp?locale=en_US&applicationName=TheCoffeeBeanAndTeaLeafNonReqExt&SEQ=positionDetails&POSTING_ID=2030430718
https://wfa.kronostm.com/?locale=en_US&applicationName=RescareNonReqExt&SEQ=positionDetails&POSTING_ID=379753621
https://wfa.kronostm.com/index.jsp;jsessionid=9172FC350DB6239932258F830CBB639F?LOCATION_ID=45386605125&locale=en_US&applicationName=HolidayStationStoresNonReqExt&SEQ=locationDetails&QUALIFIERID=45386605092
https://wfa.kronostm.com/index.jsp?locale=en_US&applicationName=OceanStateJobLotNonReqExt&seq=locationDetails&location_id=17702843739
https://wfa.kronostm.com/index.jsp?locale=en_US&applicationName=UniversalOrlandoNonReqExt&SEQ=positionDetails&POSTING_ID=49872636970
https://wfa.kronostm.com/?locale=en_US&applicationName=YMCANonReqExt&SEQ=positionDetails&POSTING_ID=29190414
https://wfa.kronostm.com/?INDEX=0&LOCATION_ID=13821585564&locale=en_US&applicationName=WinCoNonReqExt&SEQ=locationDetails
https://wfa.kronostm.com/index.jsp;jsessionid=013ACE6BA1C3748B7D3AA49113C84E85?LOCATION_ID=49108482813&locale=en_US&applicationName=PetsmartNonReqExt&SEQ=locationDetails&QUALIFIERID=49108482793
https://wfa.kronostm.com/index.jsp?seq=allOpenJobs&applicationName=RocheBrosNonReqExt&locale=en_US&allOpenJobs=true
https://wfa.kronostm.com/?INDEX=0&LOCATION_ID=13821587656&locale=en_US&applicationName=WinCoNonReqExt&SEQ=locationDetails
https://wfa.kronostm.com/index.jsp?locale=en_US&applicationName=GeminiMotorTransportNonReqExt&SEQ=positionDetails&POSTING_ID=33982289417
https://wfa.kronostm.com/?locale=en_US&applicationName=StrackAndVanTilNonReqExt&SEQ=positionDetails&POSTING_ID=17048208
https://wfa.kronostm.com/index.jsp?locale=en_US&applicationName=FinishLineNonReqExt&SEQ=positionDetails&POSTING_ID=44007506845
https://wfa.kronostm.com/index.jsp?INDEX=0&LOCATION_ID=191490160&locale=en_US&applicationName=SixFlagsNonReqExt&SEQ=locationDetails
https://wfa.kronostm.com/index.jsp?locale=en_US&applicationName=ParagonNonReqExt&SEQ=positionDetails&POSTING_ID=36867497435
https://wfa.kronostm.com/?LOCATION_ID=49637747474&locale=en_US&applicationName=CostcoNonReqExt&SEQ=locationDetails&QUALIFIERID=49637747389
https://wfa.kronostm.com/index.jsp?locale=en_US&applicationName=TownSportsNonReqExt&SEQ=positionDetails&POSTING_ID=12202843579
https://wfa.kronostm.com/index.jsp?locale=en_US&applicationName=StanlyRegionalMedicalCenterKTMDReqExt&SEQ=jobDetails&POSTING_ID=47588899491
https://wfa.kronostm.com/index.jsp?seq=home&applicationName=JourneysNonReqExt&locale=en_US
https://wfa.kronostm.com/index.jsp;jsessionid=589096F4E265BB615B06F2CAD10AEE65?LOCATION_ID=45675209703&locale=en_US&applicationName=CarMaxNonReqExt&SEQ=locationDetails&QUALIFIERID=45675209577
https://wfa.kronostm.com/index.jsp?locale=en_US&applicationName=SygmaNetworkNonReqExt&SEQ=positionDetails&POSTING_ID=49148931042
https://wfa.kronostm.com/?locale=en_US&applicationName=UniversalOrlandoNonReqExt&SEQ=positionDetails&POSTING_ID=51133797627
https://wfa.kronostm.com/index.jsp?INDEX=0&LOCATION_ID=15893125540&locale=en_US&applicationName=OceanStateJobLotNonReqExt&SEQ=locationDetails
https://wfa.kronostm.com/index.jsp?locale=en_US&applicationName=LovesTravelStopsCountryStoresKTMDReqExt&SEQ=jobDetails&POSTING_ID=50932957874
https://wfa.kronostm.com/?locale=en_US&applicationName=RescareNonReqExt&SEQ=positionDetails&POSTING_ID=34774948010
https://wfa.kronostm.com/?locale=en_US&applicationName=UniversalOrlandoNonReqExt&SEQ=positionDetails&POSTING_ID=23268363003
https://wfa.kronostm.com/index.jsp;jsessionid=90C7345B5A46CD2A344122A1C29F16C8?LOCATION_ID=13907380770&locale=en_US&applicationName=SecuritasNonReqExt&SEQ=locationDetails&QUALIFIERID=13906553269
https://wfa.kronostm.com/?locale=en_US&applicationName=CostcoNonReqExt&SEQ=positionDetails&POSTING_ID=9129794036
https://wfa.kronostm.com/?seq=allLocations&applicationName=ShopRiteNonReqExt&locale=en_US&showAllLocations=true&EVENT=com.deploy.application.hourly.plugin.LocationSearch.doSearch
https://wfa.kronostm.com/index.jsp?locale=en_US&applicationName=TheGoodmanGroupNonReqExt&SEQ=positionDetails&POSTING_ID=9437380844
https://wfa.kronostm.com/index.jsp?locale=en_US&applicationName=CovenantDoveNonReqExt&SEQ=positionDetails&POSTING_ID=4800434807
https://wfa.kronostm.com/index.jsp?locale=en_US&applicationName=TBCCorporationNonReqExt&SEQ=positionDetails&POSTING_ID=23900857514
https://wfa.kronostm.com/?seq=jobBid&applicationName=LovesTravelStopsCountryStoresKTMDReqExt&locale=en_US
https://wfa.kronostm.com/index.jsp?LOCATION_ID=50836617595&locale=en_US&applicationName=CostcoNonReqExt&SEQ=postingLocationDetails&POSTING_ID=9129820308
https://wfa.kronostm.com/index.jsp?LOCATION_ID=46320766925&locale=en_US&applicationName=CarMaxNonReqExt&SEQ=locationDetails&APPLYALLJOBS=true
https://wfa.kronostm.com/index.jsp?locale=en_US&applicationName=GenescoINDistributionNonReqExt&SEQ=positionDetails&POSTING_ID=46176314813
https://wfa.kronostm.com/index.jsp?locale=en_US&applicationName=TBCCorporationNonReqExt&SEQ=positionDetails&POSTING_ID=23900857514
https://wfa.kronostm.com/index.jsp?locale=en_US&applicationName=SygmaNetworkNonReqExt&SEQ=positionDetails&POSTING_ID=46778960211
https://wfa.kronostm.com/index.jsp?LOCATION_ID=50836617595&locale=en_US&applicationName=CostcoNonReqExt&SEQ=postingLocationDetails&POSTING_ID=9129820308
https://wfa.kronostm.com/index.jsp?LOCATION_ID=46320766925&locale=en_US&applicationName=CarMaxNonReqExt&SEQ=locationDetails&APPLYALLJOBS=true
https://wfa.kronostm.com/index.jsp?locale=en_US&applicationName=GenescoINDistributionNonReqExt&SEQ=positionDetails&POSTING_ID=46176314813
https://wfa.kronostm.com/?locale=en_US&applicationName=UniversalOrlandoNonReqExt&SEQ=positionDetails&POSTING_ID=47102463810
https://wfa.kronostm.com/index.jsp?locale=en_US&applicationName=HeinensNonReqExt&SEQ=positionDetails&POSTING_ID=37640689907
https://wfa.kronostm.com/index.jsp?LOCATION_ID=51795147855&locale=en_US&applicationName=BevMoNonReqExt&SEQ=postingLocationDetails&POSTING_ID=1695466734
https://wfa.kronostm.com/?locale=en_US&applicationName=UniversalOrlandoNonReqExt&SEQ=positionDetails&POSTING_ID=8829804539
https://wfa.kronostm.com/index.jsp?locale=en_US&applicationName=StarbucksNonReqExt&SEQ=positionDetails&POSTING_ID=45898476417
https://wfa.kronostm.com/index.jsp?locale=en_US&applicationName=CharmingCharlieNonReqExt&SEQ=positionDetails&POSTING_ID=49835945102
https://wfa.kronostm.com/index.jsp?locale=en_US&applicationName=TridentSeafoodsCorporationKTMDReqExt&SEQ=jobDetails&POSTING_ID=51234442788
https://wfa.kronostm.com/?locale=en_US&applicationName=RescareNonReqExt&SEQ=positionDetails&POSTING_ID=46846982881
https://wfa.kronostm.com/index.jsp?SRCSEQ=postingSearchResults&locale=en_US&applicationName=ExtendicareReqExt&SEQ=jobDetails&POSTING_ID=49808608243&source=ContactSources.IJB&SpecificSource=ContactSources.IJB.SpecificSources
https://wfa.kronostm.com/index.jsp?locale=en_US&applicationName=ParagonNonReqExt&SEQ=positionDetails&POSTING_ID=31931586307
https://wfa.kronostm.com/index.jsp?SOURCEINFO=JobFamilies.Warehouse&locale=en_US&applicationName=KVATNonReqExt&SEQ=positionSearchResults
https://wfa.kronostm.com/index.jsp?SOURCEINFO=JobFamilies.Stores&locale=en_US&applicationName=BigYNonReqExt&SEQ=positionSearchResults
https://wfa.kronostm.com/?locale=en_US&applicationName=RescareNonReqExt&SEQ=positionDetails&POSTING_ID=1340889239
https://wfa.kronostm.com/index.jsp?locale=en_US&applicationName=YMCADallasNonReqExt&SEQ=positionDetails&POSTING_ID=28068903168
https://wfa.kronostm.com/index.jsp?locale=en_US&APPLICATIONNAME=FamousDavesReqExternalSeekerSite
https://wfa.kronostm.com/index.jsp?locale=en_US&applicationName=ConnextionsKTMDReqExt&SEQ=jobDetails&POSTING_ID=52887499286&source=ContactSources.IJB&SpecificSource=ContactSources.IJB.SpecificSources.Jobing
https://wfa.kronostm.com/index.jsp?locale=en_US&applicationName=ParagonNonReqExt&SEQ=positionDetails&POSTING_ID=46693828176
https://wfa.kronostm.com/index.jsp?LOCATION_ID=191490099&locale=en_US&applicationName=SixFlagsNonReqExt&SEQ=postingLocationDetails&POSTING_ID=191491748
https://wfa.kronostm.com/index.jsp?locale=en_US&applicationName=UniversalOrlandoNonReqExt&SEQ=positionDetails&POSTING_ID=48777459061&SpecificSource=SpecificSources.RJ
https://wfa.kronostm.com/index.jsp?locale=en_US&applicationName=UniversalOrlandoNonReqExt&SEQ=positionDetails&POSTING_ID=41905578496&SpecificSource=65329
https://wfa.kronostm.com/index.jsp?locale=en_US&applicationName=UniversalOrlandoNonReqExt&SEQ=positionDetails&POSTING_ID=51455948870&SpecificSource=SpecificSources.RJ
https://wfa.kronostm.com/index.jsp?locale=en_US&APPLICATIONNAME=BCNEPAReqExt
https://wfa.kronostm.com/?INDEX=0&LOCATION_ID=13821587668&locale=en_US&applicationName=WinCoNonReqExt&SEQ=locationDetails
https://wfa.kronostm.com/index.jsp?locale=en_US&applicationName=BuehlersNonReqExt&SEQ=positionDetails&POSTING_ID=68447641
https://wfa.kronostm.com/index.jsp?locale=en_US&applicationName=UniversalOrlandoNonReqExt&SEQ=positionDetails&POSTING_ID=51899673516&SpecificSource=3639
https://wfa.kronostm.com/index.jsp?INDEX=0&locale=en_US&applicationName=FinishLineKTMDReqExt&SEQ=registration
https://wfa.kronostm.com/index.jsp?locale=en_US&applicationName=LovesTravelStopsCountryStoresNonReqExt&SEQ=positionDetails&POSTING_ID=1888424526
https://wfa.kronostm.com/index.jsp?locale=en_US&applicationName=UniversalOrlandoNonReqExt&SEQ=positionDetails&POSTING_ID=50950989501
https://wfa.kronostm.com/index.jsp?seq=allOpenJobs&applicationName=TownSportsNonReqExt&locale=en_US&allOpenJobs=true
https://wfa.kronostm.com/index.jsp?locale=en_US&applicationName=TheGoodmanGroupNonReqExt&SEQ=positionDetails&POSTING_ID=43255507130
https://wfa.kronostm.com/index.jsp;jsessionid=39AA58C9BE800572F4B15583392EC82E?locale=en_US&applicationName=UniversalOrlandoReqInt&seq=returningMembersHelp&referralURL=locale%3Den_US%26applicationName%3DUniversalOrlandoReqInt%26seq%3Dca_home&notAuthorized=true
https://wfa.kronostm.com/index.jsp?locale=en_US&applicationName=SaveALotNonReqExt&SEQ=positionDetails&POSTING_ID=42272825026
https://wfa.kronostm.com/index.jsp?locale=en_US&applicationName=GenescoINDistributionNonReqExt&SEQ=positionDetails&POSTING_ID=46176314504
https://wfa.kronostm.com/?locale=en_US&applicationName=RescareNonReqExt&SEQ=positionDetails&POSTING_ID=32001957425
https://wfa.kronostm.com/index.jsp?LOCATION_ID=52266861301&locale=en_US&applicationName=CharmingCharlieNonReqExt&SEQ=locationDetails&QUALIFIERID=52266861209
https://wfa.kronostm.com/index.jsp?LOCATION_ID=49108598492&locale=en_US&applicationName=PetsmartNonReqExt&SEQ=locationDetails&APPLYALLJOBS=true
https://wfa.kronostm.com/index.jsp?locale=en_US&applicationName=UniversalOrlandoNonReqExt&SEQ=positionDetails&POSTING_ID=52758133600&SpecificSource=SpecificSources.RJ
https://wfa.kronostm.com/?locale=en_US&applicationName=RescareNonReqExt&SEQ=positionDetails&POSTING_ID=23565843178
https://wfa.kronostm.com/index.jsp?locale=en_US&applicationName=LundsNonReqExt&SEQ=positionDetails&POSTING_ID=42055021487
https://wfa.kronostm.com/?locale=en_US&applicationName=RescareNonReqExt&SEQ=positionDetails&POSTING_ID=31945320063
https://wfa.kronostm.com/index.jsp?locale=en_US&applicationName=TridentSeafoodsCorporationKTMDReqExt&SEQ=jobDetails&POSTING_ID=50336861430
https://wfa.kronostm.com/index.jsp?locale=en_US&applicationName=BancroftKTMDReqExt&SEQ=jobDetails&POSTING_ID=47554944120
https://wfa.kronostm.com/index.jsp?INDEX=0&LOCATION_ID=191490032&locale=en_US&applicationName=SixFlagsNonReqExt&SEQ=locationDetails
https://wfa.kronostm.com/?locale=en_US&applicationName=UniversalOrlandoNonReqExt&SEQ=positionDetails&POSTING_ID=8829689191
https://wfa.kronostm.com/index.jsp?seq=ca_home&applicationName=ExtendicareReqExt&locale=en_US
https://wfa.kronostm.com/index.jsp?locale=en_US&applicationName=SygmaNetworkNonReqExt&SEQ=positionDetails&POSTING_ID=46778960211
https://wfa.kronostm.com/index.jsp?locale=en_US&applicationName=TridentSeafoodsCorporationNonReqExt&SEQ=positionDetails&POSTING_ID=39109926742
https://wfa.kronostm.com/index.jsp?locale=en_US&applicationName=LundsNonReqExt&SEQ=positionDetails&POSTING_ID=42055022146
https://wfa.kronostm.com/?locale=en_US&applicationName=RescareNonReqExt&SEQ=positionDetails&POSTING_ID=379753053
https://wfa.kronostm.com/index.jsp?locale=en_US&applicationName=SecuritasNonReqExt&SEQ=positionDetails&POSTING_ID=13907409640&deviceMode=desktop
https://wfa.kronostm.com/index.jsp?LOCATION_ID=49110221939&locale=en_US&applicationName=PetsmartNonReqExt&SEQ=postingLocationDetails&POSTING_ID=1213352915
https://wfa.kronostm.com/?locale=en_US&applicationName=RescareNonReqExt&SEQ=positionDetails&POSTING_ID=10293887294
https://wfa.kronostm.com/index.jsp?locale=en_US&applicationName=ParagonNonReqExt&SEQ=positionDetails&POSTING_ID=46693828176
