https://www.google.com/url?q=https://wfa.kronostm.com/static/UniversalOrlando/External/header.html&sa=U&ei=hMlxU4j4HozhoAS82IHIBw&ved=0CBsQFjAA&usg=AFQjCNEJN6Af6_oxyMYNxKtpcAUI0L8Y1A
https://www.google.com/url?q=https://wfa.kronostm.com/static/CraigHospital/External/header.html&sa=U&ei=hMlxU4j4HozhoAS82IHIBw&ved=0CCAQFjAB&usg=AFQjCNEpqv67ZOxTogyfg_E4p2uWQWAomQ
https://www.google.com/url?q=https://wfa.kronostm.com/index.jsp%3Fapplicationname%3Dracetracnonreqext&sa=U&ei=hMlxU4j4HozhoAS82IHIBw&ved=0CCUQFjAC&usg=AFQjCNGfFP-yPHF5eHXeFs26guC099Ym_g
https://www.google.com/url?q=https://wfa.kronostm.com/index.jsp%3FapplicationName%3DStarbucksNonReqExt&sa=U&ei=hMlxU4j4HozhoAS82IHIBw&ved=0CCsQFjAD&usg=AFQjCNHt38ocNbz7-V67ADWXoR77vmE49w
https://www.google.com/url?q=https://wfa.kronostm.com/index.jsp%3FapplicationName%3DHourlywawa&sa=U&ei=hMlxU4j4HozhoAS82IHIBw&ved=0CDEQFjAE&usg=AFQjCNFcMWr6OTOioIgDpqL0unq0X-VZHA
https://www.google.com/url?q=https://wfa.kronostm.com/index.jsp%3FAPPLICATIONNAME%3DTridentSeafoodsCorporationNonReqExt&sa=U&ei=hMlxU4j4HozhoAS82IHIBw&ved=0CDcQFjAF&usg=AFQjCNFezqRoTrgq2d4jiT2j0-fm8cgIrQ
https://www.google.com/url?q=https://wfa.kronostm.com/index.jsp%3FapplicationName%3DPetSmartIncNonReqExtCanada&sa=U&ei=hMlxU4j4HozhoAS82IHIBw&ved=0CD0QFjAG&usg=AFQjCNEY9FQqSFlGYzrlKBei8YCyLRke2g
https://www.google.com/url?q=https://wfa.kronostm.com/index.jsp%3FapplicationName%3DSportsAuthorityReqExt&sa=U&ei=hMlxU4j4HozhoAS82IHIBw&ved=0CEMQFjAH&usg=AFQjCNFdamsPdGu7AzVJ0W6bjBRN0pgCcg
https://www.google.com/url?q=https://wfa.kronostm.com/index.jsp%3FAPPLICATIONNAME%3DAllOneReqExt&sa=U&ei=hMlxU4j4HozhoAS82IHIBw&ved=0CEkQFjAI&usg=AFQjCNGdT-BVBQ29QLx8P-y5kyuUfIbafw
https://www.google.com/url?q=https://wfa.kronostm.com/index.jsp%3FAPPLICATIONNAME%3DMidwestHealthNonReqExt&sa=U&ei=hMlxU4j4HozhoAS82IHIBw&ved=0CE4QFjAJ&usg=AFQjCNFuLWjHd0Xv-y8L8BeFRfPKYV5yrQ
Page 1 finished.

https://www.google.com/url?q=https://wfa.kronostm.com/static/UniversalOrlando/External/header.html&sa=U&ei=f9hxU--8IpLvoATPrIKACw&ved=0CBsQFjAA&usg=AFQjCNF1YVjkn6KJS6Nnh91l-YWViQCXxQ
https://www.google.com/url?q=https://wfa.kronostm.com/static/CraigHospital/External/header.html&sa=U&ei=f9hxU--8IpLvoATPrIKACw&ved=0CCAQFjAB&usg=AFQjCNElSwiYzQr-vontftuQYAHz01oqJA
https://www.google.com/url?q=https://wfa.kronostm.com/index.jsp%3Fapplicationname%3Dracetracnonreqext&sa=U&ei=f9hxU--8IpLvoATPrIKACw&ved=0CCUQFjAC&usg=AFQjCNGyvGVIsj9ly_pewdKu81eXrdksgA
https://www.google.com/url?q=https://wfa.kronostm.com/index.jsp%3FapplicationName%3DStarbucksNonReqExt&sa=U&ei=f9hxU--8IpLvoATPrIKACw&ved=0CCsQFjAD&usg=AFQjCNEk0N9vtdpRXsAnX3j29TTROKW9kQ
https://www.google.com/url?q=https://wfa.kronostm.com/index.jsp%3FapplicationName%3DHourlywawa&sa=U&ei=f9hxU--8IpLvoATPrIKACw&ved=0CDEQFjAE&usg=AFQjCNGLO_CjLTLSjSG_Yc0k7WaxgmoTAQ
https://www.google.com/url?q=https://wfa.kronostm.com/index.jsp%3FAPPLICATIONNAME%3DTridentSeafoodsCorporationNonReqExt&sa=U&ei=f9hxU--8IpLvoATPrIKACw&ved=0CDcQFjAF&usg=AFQjCNHtFySdfB5mmyGl2UdIXUpRDOh-qw
https://www.google.com/url?q=https://wfa.kronostm.com/index.jsp%3FapplicationName%3DPetSmartIncNonReqExtCanada&sa=U&ei=f9hxU--8IpLvoATPrIKACw&ved=0CD0QFjAG&usg=AFQjCNEgsFqQJzPuDndsj6D-lZ7wV9v4Wg
https://www.google.com/url?q=https://wfa.kronostm.com/index.jsp%3FapplicationName%3DSportsAuthorityReqExt&sa=U&ei=f9hxU--8IpLvoATPrIKACw&ved=0CEMQFjAH&usg=AFQjCNG1eQAAz4itwS2lFGv3227StmQTGA
https://www.google.com/url?q=https://wfa.kronostm.com/index.jsp%3FAPPLICATIONNAME%3DAllOneReqExt&sa=U&ei=f9hxU--8IpLvoATPrIKACw&ved=0CEkQFjAI&usg=AFQjCNG7UUQsjWuKqXUuf9peproFnVgnPQ
https://www.google.com/url?q=https://wfa.kronostm.com/index.jsp%3FAPPLICATIONNAME%3DMidwestHealthNonReqExt&sa=U&ei=f9hxU--8IpLvoATPrIKACw&ved=0CE4QFjAJ&usg=AFQjCNGGuY4ilEuBaxFYtYVW1-_T0yLoqg
Page 1 finished.

